CRITICAL - 2024-07-31 02:39:54 --> file_get_contents(/home/tramitsidi/www/writable/documentos/A07051253/justificacion/24_04_2024_10_43_51am/A07051253_justificacion_solicitud_ayuda.pdf): failed to open stream: No such file or directory
#0 [internal function]: CodeIgniter\Debug\Exceptions->errorHandler(2, 'file_get_conten...', '/home/tramitsid...', 929, Array)
#1 /home/tramitsidi/www/app/Controllers/Expedientes.php(929): file_get_contents('/home/tramitsid...')
#2 /home/tramitsidi/www/system/CodeIgniter.php(914): App\Controllers\Expedientes->muestradocumento('A07051253_justi...', 'A07051253', '24_04_2024_10_4...', 'application', 'pdf', 'justificacion')
#3 /home/tramitsidi/www/system/CodeIgniter.php(400): CodeIgniter\CodeIgniter->runController(Object(App\Controllers\Expedientes))
#4 /home/tramitsidi/www/system/CodeIgniter.php(308): CodeIgniter\CodeIgniter->handleRequest(NULL, Object(Config\Cache), false)
#5 /home/tramitsidi/www/public/index.php(45): CodeIgniter\CodeIgniter->run()
#6 {main}
CRITICAL - 2024-07-31 02:40:04 --> file_get_contents(/home/tramitsidi/www/writable/documentos/A07051253/justificacion/24_04_2024_10_43_51am/A07051253_justificacion_solicitud_ayuda.pdf): failed to open stream: No such file or directory
#0 [internal function]: CodeIgniter\Debug\Exceptions->errorHandler(2, 'file_get_conten...', '/home/tramitsid...', 929, Array)
#1 /home/tramitsidi/www/app/Controllers/Expedientes.php(929): file_get_contents('/home/tramitsid...')
#2 /home/tramitsidi/www/system/CodeIgniter.php(914): App\Controllers\Expedientes->muestradocumento('A07051253_justi...', 'A07051253', '24_04_2024_10_4...', 'application', 'pdf', 'justificacion')
#3 /home/tramitsidi/www/system/CodeIgniter.php(400): CodeIgniter\CodeIgniter->runController(Object(App\Controllers\Expedientes))
#4 /home/tramitsidi/www/system/CodeIgniter.php(308): CodeIgniter\CodeIgniter->handleRequest(NULL, Object(Config\Cache), false)
#5 /home/tramitsidi/www/public/index.php(45): CodeIgniter\CodeIgniter->run()
#6 {main}
CRITICAL - 2024-07-31 03:15:47 --> file_get_contents(/home/tramitsidi/www/writable/documentos/%20P0701400/26_07_2024_11_32_38am/%20P0701400_dec_res_solicitud_felib.pdf): failed to open stream: No such file or directory
#0 [internal function]: CodeIgniter\Debug\Exceptions->errorHandler(2, 'file_get_conten...', '/home/tramitsid...', 927, Array)
#1 /home/tramitsidi/www/app/Controllers/Expedientes.php(927): file_get_contents('/home/tramitsid...')
#2 /home/tramitsidi/www/system/CodeIgniter.php(914): App\Controllers\Expedientes->muestradocumento('%20P0701400_dec...', '%20P0701400', '26_07_2024_11_3...', 'application', 'pdf')
#3 /home/tramitsidi/www/system/CodeIgniter.php(400): CodeIgniter\CodeIgniter->runController(Object(App\Controllers\Expedientes))
#4 /home/tramitsidi/www/system/CodeIgniter.php(308): CodeIgniter\CodeIgniter->handleRequest(NULL, Object(Config\Cache), false)
#5 /home/tramitsidi/www/public/index.php(45): CodeIgniter\CodeIgniter->run()
#6 {main}
CRITICAL - 2024-07-31 03:17:48 --> file_get_contents(/home/tramitsidi/www/writable/documentos/%20P0701400/26_07_2024_11_32_38am/%20P0701400_dec_res_solicitud_felib.pdf): failed to open stream: No such file or directory
#0 [internal function]: CodeIgniter\Debug\Exceptions->errorHandler(2, 'file_get_conten...', '/home/tramitsid...', 927, Array)
#1 /home/tramitsidi/www/app/Controllers/Expedientes.php(927): file_get_contents('/home/tramitsid...')
#2 /home/tramitsidi/www/system/CodeIgniter.php(914): App\Controllers\Expedientes->muestradocumento('%20P0701400_dec...', '%20P0701400', '26_07_2024_11_3...', 'application', 'pdf')
#3 /home/tramitsidi/www/system/CodeIgniter.php(400): CodeIgniter\CodeIgniter->runController(Object(App\Controllers\Expedientes))
#4 /home/tramitsidi/www/system/CodeIgniter.php(308): CodeIgniter\CodeIgniter->handleRequest(NULL, Object(Config\Cache), false)
#5 /home/tramitsidi/www/public/index.php(45): CodeIgniter\CodeIgniter->run()
#6 {main}
CRITICAL - 2024-07-31 03:20:44 --> file_get_contents(/home/tramitsidi/www/writable/documentos/P0701400/26_07_2024_11_32_38am/P0701400_dec_res_solicitud_felib.pdf): failed to open stream: No such file or directory
#0 [internal function]: CodeIgniter\Debug\Exceptions->errorHandler(2, 'file_get_conten...', '/home/tramitsid...', 927, Array)
#1 /home/tramitsidi/www/app/Controllers/Expedientes.php(927): file_get_contents('/home/tramitsid...')
#2 /home/tramitsidi/www/system/CodeIgniter.php(914): App\Controllers\Expedientes->muestradocumento('P0701400_dec_re...', 'P0701400', '26_07_2024_11_3...', 'application', 'pdf')
#3 /home/tramitsidi/www/system/CodeIgniter.php(400): CodeIgniter\CodeIgniter->runController(Object(App\Controllers\Expedientes))
#4 /home/tramitsidi/www/system/CodeIgniter.php(308): CodeIgniter\CodeIgniter->handleRequest(NULL, Object(Config\Cache), false)
#5 /home/tramitsidi/www/public/index.php(45): CodeIgniter\CodeIgniter->run()
#6 {main}
