CRITICAL - 2024-07-10 02:59:44 --> E000
#0 /home/tramitsidi/www/app/Controllers/Expedientes.php(314): App\Models\ConfiguracionLineaModel->activeConfigurationLineData('Programa iDigit...', '2020')
#1 /home/tramitsidi/www/system/CodeIgniter.php(914): App\Controllers\Expedientes->edit('2')
#2 /home/tramitsidi/www/system/CodeIgniter.php(400): CodeIgniter\CodeIgniter->runController(Object(App\Controllers\Expedientes))
#3 /home/tramitsidi/www/system/CodeIgniter.php(308): CodeIgniter\CodeIgniter->handleRequest(NULL, Object(Config\Cache), false)
#4 /home/tramitsidi/www/public/index.php(45): CodeIgniter\CodeIgniter->run()
#5 {main}
CRITICAL - 2024-07-10 03:03:10 --> file_get_contents(/home/tramitsidi/www/writable/documentos/B07856438/01_06_2021_08_59_51am/_dec_res_solicitud.pdf): failed to open stream: No such file or directory
#0 [internal function]: CodeIgniter\Debug\Exceptions->errorHandler(2, 'file_get_conten...', '/home/tramitsid...', 917, Array)
#1 /home/tramitsidi/www/app/Controllers/Expedientes.php(917): file_get_contents('/home/tramitsid...')
#2 /home/tramitsidi/www/system/CodeIgniter.php(914): App\Controllers\Expedientes->muestradocumento('_dec_res_solici...', 'B07856438', '01_06_2021_08_5...', 'application', 'pdf')
#3 /home/tramitsidi/www/system/CodeIgniter.php(400): CodeIgniter\CodeIgniter->runController(Object(App\Controllers\Expedientes))
#4 /home/tramitsidi/www/system/CodeIgniter.php(308): CodeIgniter\CodeIgniter->handleRequest(NULL, Object(Config\Cache), false)
#5 /home/tramitsidi/www/public/index.php(45): CodeIgniter\CodeIgniter->run()
#6 {main}
CRITICAL - 2024-07-10 03:04:44 --> file_get_contents(/home/tramitsidi/www/writable/documentos/B07856438/01_06_2021_08_59_51am/_dec_res_solicitud.pdf): failed to open stream: No such file or directory
#0 [internal function]: CodeIgniter\Debug\Exceptions->errorHandler(2, 'file_get_conten...', '/home/tramitsid...', 917, Array)
#1 /home/tramitsidi/www/app/Controllers/Expedientes.php(917): file_get_contents('/home/tramitsid...')
#2 /home/tramitsidi/www/system/CodeIgniter.php(914): App\Controllers\Expedientes->muestradocumento('_dec_res_solici...', 'B07856438', '01_06_2021_08_5...', 'application', 'pdf')
#3 /home/tramitsidi/www/system/CodeIgniter.php(400): CodeIgniter\CodeIgniter->runController(Object(App\Controllers\Expedientes))
#4 /home/tramitsidi/www/system/CodeIgniter.php(308): CodeIgniter\CodeIgniter->handleRequest(NULL, Object(Config\Cache), false)
#5 /home/tramitsidi/www/public/index.php(45): CodeIgniter\CodeIgniter->run()
#6 {main}
