CRITICAL - 2023-05-04 02:00:46 --> Call to undefined method App\Models\ConfiguracionModel::convoActiva
#0 /home/tramitsidi/www/app/Controllers/Expedientes.php(280): CodeIgniter\Model->__call('convoActiva', Array)
#1 /home/tramitsidi/www/system/CodeIgniter.php(914): App\Controllers\Expedientes->edit('563')
#2 /home/tramitsidi/www/system/CodeIgniter.php(400): CodeIgniter\CodeIgniter->runController(Object(App\Controllers\Expedientes))
#3 /home/tramitsidi/www/system/CodeIgniter.php(308): CodeIgniter\CodeIgniter->handleRequest(NULL, Object(Config\Cache), false)
#4 /home/tramitsidi/www/public/index.php(45): CodeIgniter\CodeIgniter->run()
#5 {main}
CRITICAL - 2023-05-04 05:24:21 --> file_get_contents(/home/tramitsidi/www/writable/documentos/B16616633/03_05_2023_01_36_25pm/Informenegativodeinscripci%C3%B3ndeempresarios-DIN1-1.pdf): failed to open stream: No such file or directory
#0 [internal function]: CodeIgniter\Debug\Exceptions->errorHandler(2, 'file_get_conten...', '/home/tramitsid...', 859, Array)
#1 /home/tramitsidi/www/app/Controllers/Expedientes.php(859): file_get_contents('/home/tramitsid...')
#2 /home/tramitsidi/www/system/CodeIgniter.php(914): App\Controllers\Expedientes->muestradocumento('Informenegativo...', 'B16616633', '03_05_2023_01_3...', 'application', 'pdf')
#3 /home/tramitsidi/www/system/CodeIgniter.php(400): CodeIgniter\CodeIgniter->runController(Object(App\Controllers\Expedientes))
#4 /home/tramitsidi/www/system/CodeIgniter.php(308): CodeIgniter\CodeIgniter->handleRequest(NULL, Object(Config\Cache), false)
#5 /home/tramitsidi/www/public/index.php(45): CodeIgniter\CodeIgniter->run()
#6 {main}
CRITICAL - 2023-05-04 06:05:05 --> Call to undefined method App\Models\ConfiguracionModel::convoActiva
#0 /home/tramitsidi/www/app/Controllers/Expedientes.php(280): CodeIgniter\Model->__call('convoActiva', Array)
#1 /home/tramitsidi/www/system/CodeIgniter.php(914): App\Controllers\Expedientes->edit('532')
#2 /home/tramitsidi/www/system/CodeIgniter.php(400): CodeIgniter\CodeIgniter->runController(Object(App\Controllers\Expedientes))
#3 /home/tramitsidi/www/system/CodeIgniter.php(308): CodeIgniter\CodeIgniter->handleRequest(NULL, Object(Config\Cache), false)
#4 /home/tramitsidi/www/public/index.php(45): CodeIgniter\CodeIgniter->run()
#5 {main}
CRITICAL - 2023-05-04 06:05:30 --> Call to undefined method App\Models\ConfiguracionModel::convoActiva
#0 /home/tramitsidi/www/app/Controllers/Expedientes.php(280): CodeIgniter\Model->__call('convoActiva', Array)
#1 /home/tramitsidi/www/system/CodeIgniter.php(914): App\Controllers\Expedientes->edit('532')
#2 /home/tramitsidi/www/system/CodeIgniter.php(400): CodeIgniter\CodeIgniter->runController(Object(App\Controllers\Expedientes))
#3 /home/tramitsidi/www/system/CodeIgniter.php(308): CodeIgniter\CodeIgniter->handleRequest(NULL, Object(Config\Cache), false)
#4 /home/tramitsidi/www/public/index.php(45): CodeIgniter\CodeIgniter->run()
#5 {main}
CRITICAL - 2023-05-04 06:05:49 --> Call to undefined method App\Models\ConfiguracionModel::convoActiva
#0 /home/tramitsidi/www/app/Controllers/Expedientes.php(280): CodeIgniter\Model->__call('convoActiva', Array)
#1 /home/tramitsidi/www/system/CodeIgniter.php(914): App\Controllers\Expedientes->edit('473')
#2 /home/tramitsidi/www/system/CodeIgniter.php(400): CodeIgniter\CodeIgniter->runController(Object(App\Controllers\Expedientes))
#3 /home/tramitsidi/www/system/CodeIgniter.php(308): CodeIgniter\CodeIgniter->handleRequest(NULL, Object(Config\Cache), false)
#4 /home/tramitsidi/www/public/index.php(45): CodeIgniter\CodeIgniter->run()
#5 {main}
CRITICAL - 2023-05-04 06:05:51 --> Call to undefined method App\Models\ConfiguracionModel::convoActiva
#0 /home/tramitsidi/www/app/Controllers/Expedientes.php(280): CodeIgniter\Model->__call('convoActiva', Array)
#1 /home/tramitsidi/www/system/CodeIgniter.php(914): App\Controllers\Expedientes->edit('473')
#2 /home/tramitsidi/www/system/CodeIgniter.php(400): CodeIgniter\CodeIgniter->runController(Object(App\Controllers\Expedientes))
#3 /home/tramitsidi/www/system/CodeIgniter.php(308): CodeIgniter\CodeIgniter->handleRequest(NULL, Object(Config\Cache), false)
#4 /home/tramitsidi/www/public/index.php(45): CodeIgniter\CodeIgniter->run()
#5 {main}
CRITICAL - 2023-05-04 06:05:53 --> Call to undefined method App\Models\ConfiguracionModel::convoActiva
#0 /home/tramitsidi/www/app/Controllers/Expedientes.php(280): CodeIgniter\Model->__call('convoActiva', Array)
#1 /home/tramitsidi/www/system/CodeIgniter.php(914): App\Controllers\Expedientes->edit('473')
#2 /home/tramitsidi/www/system/CodeIgniter.php(400): CodeIgniter\CodeIgniter->runController(Object(App\Controllers\Expedientes))
#3 /home/tramitsidi/www/system/CodeIgniter.php(308): CodeIgniter\CodeIgniter->handleRequest(NULL, Object(Config\Cache), false)
#4 /home/tramitsidi/www/public/index.php(45): CodeIgniter\CodeIgniter->run()
#5 {main}
CRITICAL - 2023-05-04 06:05:54 --> Call to undefined method App\Models\ConfiguracionModel::convoActiva
#0 /home/tramitsidi/www/app/Controllers/Expedientes.php(280): CodeIgniter\Model->__call('convoActiva', Array)
#1 /home/tramitsidi/www/system/CodeIgniter.php(914): App\Controllers\Expedientes->edit('473')
#2 /home/tramitsidi/www/system/CodeIgniter.php(400): CodeIgniter\CodeIgniter->runController(Object(App\Controllers\Expedientes))
#3 /home/tramitsidi/www/system/CodeIgniter.php(308): CodeIgniter\CodeIgniter->handleRequest(NULL, Object(Config\Cache), false)
#4 /home/tramitsidi/www/public/index.php(45): CodeIgniter\CodeIgniter->run()
#5 {main}
CRITICAL - 2023-05-04 06:06:03 --> Call to undefined method App\Models\ConfiguracionModel::convoActiva
#0 /home/tramitsidi/www/app/Controllers/Expedientes.php(280): CodeIgniter\Model->__call('convoActiva', Array)
#1 /home/tramitsidi/www/system/CodeIgniter.php(914): App\Controllers\Expedientes->edit('504')
#2 /home/tramitsidi/www/system/CodeIgniter.php(400): CodeIgniter\CodeIgniter->runController(Object(App\Controllers\Expedientes))
#3 /home/tramitsidi/www/system/CodeIgniter.php(308): CodeIgniter\CodeIgniter->handleRequest(NULL, Object(Config\Cache), false)
#4 /home/tramitsidi/www/public/index.php(45): CodeIgniter\CodeIgniter->run()
#5 {main}
CRITICAL - 2023-05-04 06:06:08 --> Call to undefined method App\Models\ConfiguracionModel::convoActiva
#0 /home/tramitsidi/www/app/Controllers/Expedientes.php(280): CodeIgniter\Model->__call('convoActiva', Array)
#1 /home/tramitsidi/www/system/CodeIgniter.php(914): App\Controllers\Expedientes->edit('532')
#2 /home/tramitsidi/www/system/CodeIgniter.php(400): CodeIgniter\CodeIgniter->runController(Object(App\Controllers\Expedientes))
#3 /home/tramitsidi/www/system/CodeIgniter.php(308): CodeIgniter\CodeIgniter->handleRequest(NULL, Object(Config\Cache), false)
#4 /home/tramitsidi/www/public/index.php(45): CodeIgniter\CodeIgniter->run()
#5 {main}
CRITICAL - 2023-05-04 06:06:15 --> Call to undefined method App\Models\ConfiguracionModel::convoActiva
#0 /home/tramitsidi/www/app/Controllers/Expedientes.php(280): CodeIgniter\Model->__call('convoActiva', Array)
#1 /home/tramitsidi/www/system/CodeIgniter.php(914): App\Controllers\Expedientes->edit('532')
#2 /home/tramitsidi/www/system/CodeIgniter.php(400): CodeIgniter\CodeIgniter->runController(Object(App\Controllers\Expedientes))
#3 /home/tramitsidi/www/system/CodeIgniter.php(308): CodeIgniter\CodeIgniter->handleRequest(NULL, Object(Config\Cache), false)
#4 /home/tramitsidi/www/public/index.php(45): CodeIgniter\CodeIgniter->run()
#5 {main}
