CRITICAL - 2024-03-21 11:02:56 --> E000
#0 /home/pre-tramitsidi/www/app/Controllers/Expedientes.php(310): App\Models\ConfiguracionLineaModel->activeConfigurationLineData('Programa III ac...', '2024')
#1 /home/pre-tramitsidi/www/system/CodeIgniter.php(914): App\Controllers\Expedientes->edit('816')
#2 /home/pre-tramitsidi/www/system/CodeIgniter.php(400): CodeIgniter\CodeIgniter->runController(Object(App\Controllers\Expedientes))
#3 /home/pre-tramitsidi/www/system/CodeIgniter.php(308): CodeIgniter\CodeIgniter->handleRequest(NULL, Object(Config\Cache), false)
#4 /home/pre-tramitsidi/www/public/index.php(45): CodeIgniter\CodeIgniter->run()
#5 {main}
CRITICAL - 2024-03-21 11:42:43 --> fopen(file:///home/pre-tramitsidi/www/writable/documentos//informes/2_2024_requeriment.pdf): failed to open stream: No such file or directory
#0 [internal function]: CodeIgniter\Debug\Exceptions->errorHandler(2, 'fopen(file:///h...', '/home/pre-trami...', 1854, Array)
#1 /home/pre-tramitsidi/www/app/Views/pages/forms/modDocs/pdf/tcpdf/include/tcpdf_static.php(1854): fopen('file:///home/pr...', 'wb')
#2 /home/pre-tramitsidi/www/app/Views/pages/forms/modDocs/pdf/tcpdf/tcpdf.php(7662): TCPDF_STATIC::fopenLocal('file:///home/pr...', 'wb')
#3 /home/pre-tramitsidi/www/app/Views/pages/forms/modDocs/pdf/plt-requerimiento.php(169): TCPDF->Output('/home/pre-trami...', 'F')
#4 /home/pre-tramitsidi/www/system/View/View.php(246): include('/home/pre-trami...')
#5 /home/pre-tramitsidi/www/system/Common.php(1087): CodeIgniter\View\View->render('pages/forms/mod...', Array, true)
#6 /home/pre-tramitsidi/www/app/Controllers/Expedientes.php(1028): view('pages/forms/mod...', Array)
#7 /home/pre-tramitsidi/www/system/CodeIgniter.php(914): App\Controllers\Expedientes->generainforme('819', '2024', 'Programa%20III%...', '43036826P', 'doc_requeriment')
#8 /home/pre-tramitsidi/www/system/CodeIgniter.php(400): CodeIgniter\CodeIgniter->runController(Object(App\Controllers\Expedientes))
#9 /home/pre-tramitsidi/www/system/CodeIgniter.php(308): CodeIgniter\CodeIgniter->handleRequest(NULL, Object(Config\Cache), false)
#10 /home/pre-tramitsidi/www/public/index.php(45): CodeIgniter\CodeIgniter->run()
#11 {main}
