CRITICAL - 2023-10-03 11:55:44 --> file_get_contents(/home/pre-tramitsidi/www/writable/documentos/18234578V/informes/24_2023_requeriment_idi_isba.pdf): failed to open stream: No such file or directory
#0 [internal function]: CodeIgniter\Debug\Exceptions->errorHandler(2, 'file_get_conten...', '/home/pre-trami...', 87, Array)
#1 /home/pre-tramitsidi/www/app/Views/pages/forms/rest_api_firma/envia-a-firma-informe.php(87): file_get_contents('/home/pre-trami...')
#2 /home/pre-tramitsidi/www/system/View/View.php(246): include('/home/pre-trami...')
#3 /home/pre-tramitsidi/www/system/Common.php(1087): CodeIgniter\View\View->render('pages/forms/res...', Array, true)
#4 /home/pre-tramitsidi/www/app/Controllers/Expedientes.php(1653): view('pages/forms/res...', Array)
#5 /home/pre-tramitsidi/www/system/CodeIgniter.php(914): App\Controllers\Expedientes->generainformeIDI_ISBA('671', '2023', 'IDI-ISBA', '18234578V', 'doc_requeriment...')
#6 /home/pre-tramitsidi/www/system/CodeIgniter.php(400): CodeIgniter\CodeIgniter->runController(Object(App\Controllers\Expedientes))
#7 /home/pre-tramitsidi/www/system/CodeIgniter.php(308): CodeIgniter\CodeIgniter->handleRequest(NULL, Object(Config\Cache), false)
#8 /home/pre-tramitsidi/www/public/index.php(45): CodeIgniter\CodeIgniter->run()
#9 {main}
CRITICAL - 2023-10-03 11:58:18 --> file_get_contents(/home/pre-tramitsidi/www/writable/documentos/18234578V/informes/24_2023_requeriment_idi_isba.pdf): failed to open stream: No such file or directory
#0 [internal function]: CodeIgniter\Debug\Exceptions->errorHandler(2, 'file_get_conten...', '/home/pre-trami...', 86, Array)
#1 /home/pre-tramitsidi/www/app/Views/pages/forms/rest_api_firma/envia-a-firma-informe.php(86): file_get_contents('/home/pre-trami...')
#2 /home/pre-tramitsidi/www/system/View/View.php(246): include('/home/pre-trami...')
#3 /home/pre-tramitsidi/www/system/Common.php(1087): CodeIgniter\View\View->render('pages/forms/res...', Array, true)
#4 /home/pre-tramitsidi/www/app/Controllers/Expedientes.php(1653): view('pages/forms/res...', Array)
#5 /home/pre-tramitsidi/www/system/CodeIgniter.php(914): App\Controllers\Expedientes->generainformeIDI_ISBA('671', '2023', 'IDI-ISBA', '18234578V', 'doc_requeriment...')
#6 /home/pre-tramitsidi/www/system/CodeIgniter.php(400): CodeIgniter\CodeIgniter->runController(Object(App\Controllers\Expedientes))
#7 /home/pre-tramitsidi/www/system/CodeIgniter.php(308): CodeIgniter\CodeIgniter->handleRequest(NULL, Object(Config\Cache), false)
#8 /home/pre-tramitsidi/www/public/index.php(45): CodeIgniter\CodeIgniter->run()
#9 {main}
CRITICAL - 2023-10-03 12:05:31 --> file_get_contents(/home/pre-tramitsidi/www/writable/documentos/18234578V/informes/24_2023_requeriment_idi_isba.pdf): failed to open stream: No such file or directory
#0 [internal function]: CodeIgniter\Debug\Exceptions->errorHandler(2, 'file_get_conten...', '/home/pre-trami...', 84, Array)
#1 /home/pre-tramitsidi/www/app/Views/pages/forms/rest_api_firma/envia-a-firma-informe.php(84): file_get_contents('/home/pre-trami...')
#2 /home/pre-tramitsidi/www/system/View/View.php(246): include('/home/pre-trami...')
#3 /home/pre-tramitsidi/www/system/Common.php(1087): CodeIgniter\View\View->render('pages/forms/res...', Array, true)
#4 /home/pre-tramitsidi/www/app/Controllers/Expedientes.php(1653): view('pages/forms/res...', Array)
#5 /home/pre-tramitsidi/www/system/CodeIgniter.php(914): App\Controllers\Expedientes->generainformeIDI_ISBA('671', '2023', 'IDI-ISBA', '18234578V', 'doc_requeriment...')
#6 /home/pre-tramitsidi/www/system/CodeIgniter.php(400): CodeIgniter\CodeIgniter->runController(Object(App\Controllers\Expedientes))
#7 /home/pre-tramitsidi/www/system/CodeIgniter.php(308): CodeIgniter\CodeIgniter->handleRequest(NULL, Object(Config\Cache), false)
#8 /home/pre-tramitsidi/www/public/index.php(45): CodeIgniter\CodeIgniter->run()
#9 {main}
CRITICAL - 2023-10-03 12:05:40 --> file_get_contents(/home/pre-tramitsidi/www/writable/documentos/18234578V/informes/24_2023_requeriment_idi_isba.pdf): failed to open stream: No such file or directory
#0 [internal function]: CodeIgniter\Debug\Exceptions->errorHandler(2, 'file_get_conten...', '/home/pre-trami...', 84, Array)
#1 /home/pre-tramitsidi/www/app/Views/pages/forms/rest_api_firma/envia-a-firma-informe.php(84): file_get_contents('/home/pre-trami...')
#2 /home/pre-tramitsidi/www/system/View/View.php(246): include('/home/pre-trami...')
#3 /home/pre-tramitsidi/www/system/Common.php(1087): CodeIgniter\View\View->render('pages/forms/res...', Array, true)
#4 /home/pre-tramitsidi/www/app/Controllers/Expedientes.php(1653): view('pages/forms/res...', Array)
#5 /home/pre-tramitsidi/www/system/CodeIgniter.php(914): App\Controllers\Expedientes->generainformeIDI_ISBA('671', '2023', 'IDI-ISBA', '18234578V', 'doc_requeriment...')
#6 /home/pre-tramitsidi/www/system/CodeIgniter.php(400): CodeIgniter\CodeIgniter->runController(Object(App\Controllers\Expedientes))
#7 /home/pre-tramitsidi/www/system/CodeIgniter.php(308): CodeIgniter\CodeIgniter->handleRequest(NULL, Object(Config\Cache), false)
#8 /home/pre-tramitsidi/www/public/index.php(45): CodeIgniter\CodeIgniter->run()
#9 {main}
