CRITICAL - 2024-07-16 09:02:16 --> Invalid argument supplied for foreach()
#0 /home/tramitsidi/www/app/Views/pages/forms/tcpdf/tcpdf.php(19471): CodeIgniter\Debug\Exceptions->errorHandler(2, 'Invalid argumen...', '/home/tramitsid...', 19471, Array)
#1 /home/tramitsidi/www/app/Views/pages/forms/tcpdf/tcpdf.php(18276): TCPDF->closeHTMLTagHandler(Array, 66, false, 167.08535866667)
#2 /home/tramitsidi/www/app/Views/pages/forms/solicitud-adhesion-felib.php(163): TCPDF->writeHTML('<table cellpadd...', true, false, true, false, '')
#3 /home/tramitsidi/www/system/View/View.php(246): include('/home/tramitsid...')
#4 /home/tramitsidi/www/system/Common.php(1087): CodeIgniter\View\View->render('pages/forms/sol...', Array, true)
#5 /home/tramitsidi/www/app/Controllers/Subirarchivo.php(1804): view('pages/forms/sol...', Array)
#6 /home/tramitsidi/www/system/CodeIgniter.php(914): App\Controllers\SubirArchivo->store_felib('%2A', 'es')
#7 /home/tramitsidi/www/system/CodeIgniter.php(400): CodeIgniter\CodeIgniter->runController(Object(App\Controllers\SubirArchivo))
#8 /home/tramitsidi/www/system/CodeIgniter.php(308): CodeIgniter\CodeIgniter->handleRequest(NULL, Object(Config\Cache), false)
#9 /home/tramitsidi/www/public/index.php(45): CodeIgniter\CodeIgniter->run()
#10 {main}
CRITICAL - 2024-07-16 09:50:05 --> Invalid argument supplied for foreach()
#0 /home/tramitsidi/www/app/Views/pages/forms/tcpdf/tcpdf.php(19471): CodeIgniter\Debug\Exceptions->errorHandler(2, 'Invalid argumen...', '/home/tramitsid...', 19471, Array)
#1 /home/tramitsidi/www/app/Views/pages/forms/tcpdf/tcpdf.php(18276): TCPDF->closeHTMLTagHandler(Array, 66, false, 167.08535866667)
#2 /home/tramitsidi/www/app/Views/pages/forms/solicitud-adhesion-felib.php(163): TCPDF->writeHTML('<table cellpadd...', true, false, true, false, '')
#3 /home/tramitsidi/www/system/View/View.php(246): include('/home/tramitsid...')
#4 /home/tramitsidi/www/system/Common.php(1087): CodeIgniter\View\View->render('pages/forms/sol...', Array, true)
#5 /home/tramitsidi/www/app/Controllers/Subirarchivo.php(1804): view('pages/forms/sol...', Array)
#6 /home/tramitsidi/www/system/CodeIgniter.php(914): App\Controllers\SubirArchivo->store_felib('%2A', 'es')
#7 /home/tramitsidi/www/system/CodeIgniter.php(400): CodeIgniter\CodeIgniter->runController(Object(App\Controllers\SubirArchivo))
#8 /home/tramitsidi/www/system/CodeIgniter.php(308): CodeIgniter\CodeIgniter->handleRequest(NULL, Object(Config\Cache), false)
#9 /home/tramitsidi/www/public/index.php(45): CodeIgniter\CodeIgniter->run()
#10 {main}
