CRITICAL - 2023-11-21 01:53:05 --> Return value of CodeIgniter\Language\Language::requireFile() must be of the type array, integer returned
#0 /home/tramitsidi/www/system/Language/Language.php(289): CodeIgniter\Language\Language->requireFile('Language/en/mes...')
#1 /home/tramitsidi/www/system/Language/Language.php(213): CodeIgniter\Language\Language->load('message_lang', 'en')
#2 /home/tramitsidi/www/system/Language/Language.php(181): CodeIgniter\Language\Language->parseLine('informe_resumen...', 'en')
#3 /home/tramitsidi/www/system/Common.php(684): CodeIgniter\Language\Language->getLine('message_lang.in...', Array)
#4 /home/tramitsidi/www/app/Views/pages/forms/form-adhesion-ils.php(225): lang('message_lang.in...')
#5 /home/tramitsidi/www/system/View/View.php(246): include('/home/tramitsid...')
#6 /home/tramitsidi/www/system/Common.php(1087): CodeIgniter\View\View->render('pages/forms/for...', Array, true)
#7 /home/tramitsidi/www/app/Controllers/Home.php(258): view('pages/forms/for...')
#8 /home/tramitsidi/www/system/CodeIgniter.php(914): App\Controllers\Home->solicitud_adhesion_ils()
#9 /home/tramitsidi/www/system/CodeIgniter.php(400): CodeIgniter\CodeIgniter->runController(Object(App\Controllers\Home))
#10 /home/tramitsidi/www/system/CodeIgniter.php(308): CodeIgniter\CodeIgniter->handleRequest(NULL, Object(Config\Cache), false)
#11 /home/tramitsidi/www/public/index.php(45): CodeIgniter\CodeIgniter->run()
#12 {main}
CRITICAL - 2023-11-21 01:55:37 --> Return value of CodeIgniter\Language\Language::requireFile() must be of the type array, integer returned
#0 /home/tramitsidi/www/system/Language/Language.php(289): CodeIgniter\Language\Language->requireFile('Language/en/mes...')
#1 /home/tramitsidi/www/system/Language/Language.php(213): CodeIgniter\Language\Language->load('message_lang', 'en')
#2 /home/tramitsidi/www/system/Language/Language.php(181): CodeIgniter\Language\Language->parseLine('prescertificado...', 'en')
#3 /home/tramitsidi/www/system/Common.php(684): CodeIgniter\Language\Language->getLine('message_lang.pr...', Array)
#4 /home/tramitsidi/www/app/Views/pages/forms/form-adhesion-ils.php(241): lang('message_lang.pr...')
#5 /home/tramitsidi/www/system/View/View.php(246): include('/home/tramitsid...')
#6 /home/tramitsidi/www/system/Common.php(1087): CodeIgniter\View\View->render('pages/forms/for...', Array, true)
#7 /home/tramitsidi/www/app/Controllers/Home.php(258): view('pages/forms/for...')
#8 /home/tramitsidi/www/system/CodeIgniter.php(914): App\Controllers\Home->solicitud_adhesion_ils()
#9 /home/tramitsidi/www/system/CodeIgniter.php(400): CodeIgniter\CodeIgniter->runController(Object(App\Controllers\Home))
#10 /home/tramitsidi/www/system/CodeIgniter.php(308): CodeIgniter\CodeIgniter->handleRequest(NULL, Object(Config\Cache), false)
#11 /home/tramitsidi/www/public/index.php(45): CodeIgniter\CodeIgniter->run()
#12 {main}
