CRITICAL - 2024-01-23 02:54:57 --> E000
#0 /home/tramitsidi/www/app/Controllers/Expedientes.php(312): App\Models\ConfiguracionLineaModel->activeConfigurationLineData('ILS')
#1 /home/tramitsidi/www/system/CodeIgniter.php(914): App\Controllers\Expedientes->edit('441')
#2 /home/tramitsidi/www/system/CodeIgniter.php(400): CodeIgniter\CodeIgniter->runController(Object(App\Controllers\Expedientes))
#3 /home/tramitsidi/www/system/CodeIgniter.php(308): CodeIgniter\CodeIgniter->handleRequest(NULL, Object(Config\Cache), false)
#4 /home/tramitsidi/www/public/index.php(45): CodeIgniter\CodeIgniter->run()
#5 {main}
CRITICAL - 2024-01-23 02:55:04 --> E000
#0 /home/tramitsidi/www/app/Controllers/Expedientes.php(312): App\Models\ConfiguracionLineaModel->activeConfigurationLineData('ILS')
#1 /home/tramitsidi/www/system/CodeIgniter.php(914): App\Controllers\Expedientes->edit('440')
#2 /home/tramitsidi/www/system/CodeIgniter.php(400): CodeIgniter\CodeIgniter->runController(Object(App\Controllers\Expedientes))
#3 /home/tramitsidi/www/system/CodeIgniter.php(308): CodeIgniter\CodeIgniter->handleRequest(NULL, Object(Config\Cache), false)
#4 /home/tramitsidi/www/public/index.php(45): CodeIgniter\CodeIgniter->run()
#5 {main}
CRITICAL - 2024-01-23 02:55:16 --> E000
#0 /home/tramitsidi/www/app/Controllers/Expedientes.php(312): App\Models\ConfiguracionLineaModel->activeConfigurationLineData('ILS')
#1 /home/tramitsidi/www/system/CodeIgniter.php(914): App\Controllers\Expedientes->edit('578')
#2 /home/tramitsidi/www/system/CodeIgniter.php(400): CodeIgniter\CodeIgniter->runController(Object(App\Controllers\Expedientes))
#3 /home/tramitsidi/www/system/CodeIgniter.php(308): CodeIgniter\CodeIgniter->handleRequest(NULL, Object(Config\Cache), false)
#4 /home/tramitsidi/www/public/index.php(45): CodeIgniter\CodeIgniter->run()
#5 {main}
CRITICAL - 2024-01-23 02:58:14 --> E000
#0 /home/tramitsidi/www/app/Controllers/Expedientes.php(312): App\Models\ConfiguracionLineaModel->activeConfigurationLineData('ILS')
#1 /home/tramitsidi/www/system/CodeIgniter.php(914): App\Controllers\Expedientes->edit('578')
#2 /home/tramitsidi/www/system/CodeIgniter.php(400): CodeIgniter\CodeIgniter->runController(Object(App\Controllers\Expedientes))
#3 /home/tramitsidi/www/system/CodeIgniter.php(308): CodeIgniter\CodeIgniter->handleRequest(NULL, Object(Config\Cache), false)
#4 /home/tramitsidi/www/public/index.php(45): CodeIgniter\CodeIgniter->run()
#5 {main}
CRITICAL - 2024-01-23 03:44:20 --> E000
#0 /home/tramitsidi/www/app/Controllers/Expedientes.php(312): App\Models\ConfiguracionLineaModel->activeConfigurationLineData('ILS')
#1 /home/tramitsidi/www/system/CodeIgniter.php(914): App\Controllers\Expedientes->edit('578')
#2 /home/tramitsidi/www/system/CodeIgniter.php(400): CodeIgniter\CodeIgniter->runController(Object(App\Controllers\Expedientes))
#3 /home/tramitsidi/www/system/CodeIgniter.php(308): CodeIgniter\CodeIgniter->handleRequest(NULL, Object(Config\Cache), false)
#4 /home/tramitsidi/www/public/index.php(45): CodeIgniter\CodeIgniter->run()
#5 {main}
