CRITICAL - 2024-03-15 07:57:12 --> E000
#0 /home/tramitsidi/www/app/Controllers/Expedientes.php(310): App\Models\ConfiguracionLineaModel->activeConfigurationLineData('Programa III ac...', '2024')
#1 /home/tramitsidi/www/system/CodeIgniter.php(914): App\Controllers\Expedientes->edit('720')
#2 /home/tramitsidi/www/system/CodeIgniter.php(400): CodeIgniter\CodeIgniter->runController(Object(App\Controllers\Expedientes))
#3 /home/tramitsidi/www/system/CodeIgniter.php(308): CodeIgniter\CodeIgniter->handleRequest(NULL, Object(Config\Cache), false)
#4 /home/tramitsidi/www/public/index.php(45): CodeIgniter\CodeIgniter->run()
#5 {main}
CRITICAL - 2024-03-15 07:59:27 --> E000
#0 /home/tramitsidi/www/app/Controllers/Expedientes.php(310): App\Models\ConfiguracionLineaModel->activeConfigurationLineData('Programa III ac...', '2024')
#1 /home/tramitsidi/www/system/CodeIgniter.php(914): App\Controllers\Expedientes->edit('720')
#2 /home/tramitsidi/www/system/CodeIgniter.php(400): CodeIgniter\CodeIgniter->runController(Object(App\Controllers\Expedientes))
#3 /home/tramitsidi/www/system/CodeIgniter.php(308): CodeIgniter\CodeIgniter->handleRequest(NULL, Object(Config\Cache), false)
#4 /home/tramitsidi/www/public/index.php(45): CodeIgniter\CodeIgniter->run()
#5 {main}
CRITICAL - 2024-03-15 08:00:35 --> E000
#0 /home/tramitsidi/www/app/Controllers/Expedientes.php(310): App\Models\ConfiguracionLineaModel->activeConfigurationLineData('Programa III ac...', '2024')
#1 /home/tramitsidi/www/system/CodeIgniter.php(914): App\Controllers\Expedientes->edit('720')
#2 /home/tramitsidi/www/system/CodeIgniter.php(400): CodeIgniter\CodeIgniter->runController(Object(App\Controllers\Expedientes))
#3 /home/tramitsidi/www/system/CodeIgniter.php(308): CodeIgniter\CodeIgniter->handleRequest(NULL, Object(Config\Cache), false)
#4 /home/tramitsidi/www/public/index.php(45): CodeIgniter\CodeIgniter->run()
#5 {main}
CRITICAL - 2024-03-15 14:01:22 --> number_format() expects parameter 1 to be float, string given
#0 [internal function]: CodeIgniter\Debug\Exceptions->errorHandler(2, 'number_format()...', '/home/tramitsid...', 123, Array)
#1 /home/tramitsidi/www/app/Views/pages/exped/edita-expediente.php(123): number_format('{"Programa_I":{...', 2, ',', '.')
#2 /home/tramitsidi/www/system/View/View.php(246): include('/home/tramitsid...')
#3 /home/tramitsidi/www/system/Common.php(1087): CodeIgniter\View\View->render('pages/exped/edi...', Array, true)
#4 /home/tramitsidi/www/app/Controllers/Expedientes.php(366): view('pages/exped/edi...', Array)
#5 /home/tramitsidi/www/system/CodeIgniter.php(914): App\Controllers\Expedientes->edit('720')
#6 /home/tramitsidi/www/system/CodeIgniter.php(400): CodeIgniter\CodeIgniter->runController(Object(App\Controllers\Expedientes))
#7 /home/tramitsidi/www/system/CodeIgniter.php(308): CodeIgniter\CodeIgniter->handleRequest(NULL, Object(Config\Cache), false)
#8 /home/tramitsidi/www/public/index.php(45): CodeIgniter\CodeIgniter->run()
#9 {main}
