CRITICAL - 2023-03-03 07:56:57 --> Call to a member function getName() on null
#0 /home/pre-tramitsidi/www/system/CodeIgniter.php(914): App\Controllers\SubirArchivo->store()
#1 /home/pre-tramitsidi/www/system/CodeIgniter.php(400): CodeIgniter\CodeIgniter->runController(Object(App\Controllers\SubirArchivo))
#2 /home/pre-tramitsidi/www/system/CodeIgniter.php(308): CodeIgniter\CodeIgniter->handleRequest(NULL, Object(Config\Cache), false)
#3 /home/pre-tramitsidi/www/public/index.php(45): CodeIgniter\CodeIgniter->run()
#4 {main}
CRITICAL - 2023-03-03 13:03:20 --> mkdir(): No such file or directory
#0 [internal function]: CodeIgniter\Debug\Exceptions->errorHandler(2, 'mkdir(): No suc...', '/home/pre-trami...', 288, Array)
#1 /home/pre-tramitsidi/www/app/Controllers/Subirarchivo.php(288): mkdir('/home/pre-trami...')
#2 /home/pre-tramitsidi/www/system/CodeIgniter.php(914): App\Controllers\SubirArchivo->store()
#3 /home/pre-tramitsidi/www/system/CodeIgniter.php(400): CodeIgniter\CodeIgniter->runController(Object(App\Controllers\SubirArchivo))
#4 /home/pre-tramitsidi/www/system/CodeIgniter.php(308): CodeIgniter\CodeIgniter->handleRequest(NULL, Object(Config\Cache), false)
#5 /home/pre-tramitsidi/www/public/index.php(45): CodeIgniter\CodeIgniter->run()
#6 {main}
CRITICAL - 2023-03-03 13:05:50 --> mkdir(): No such file or directory
#0 [internal function]: CodeIgniter\Debug\Exceptions->errorHandler(2, 'mkdir(): No suc...', '/home/pre-trami...', 288, Array)
#1 /home/pre-tramitsidi/www/app/Controllers/Subirarchivo.php(288): mkdir('/home/pre-trami...')
#2 /home/pre-tramitsidi/www/system/CodeIgniter.php(914): App\Controllers\SubirArchivo->store()
#3 /home/pre-tramitsidi/www/system/CodeIgniter.php(400): CodeIgniter\CodeIgniter->runController(Object(App\Controllers\SubirArchivo))
#4 /home/pre-tramitsidi/www/system/CodeIgniter.php(308): CodeIgniter\CodeIgniter->handleRequest(NULL, Object(Config\Cache), false)
#5 /home/pre-tramitsidi/www/public/index.php(45): CodeIgniter\CodeIgniter->run()
#6 {main}
CRITICAL - 2023-03-03 13:12:58 --> mkdir(): No such file or directory
#0 [internal function]: CodeIgniter\Debug\Exceptions->errorHandler(2, 'mkdir(): No suc...', '/home/pre-trami...', 288, Array)
#1 /home/pre-tramitsidi/www/app/Controllers/Subirarchivo.php(288): mkdir('/home/pre-trami...')
#2 /home/pre-tramitsidi/www/system/CodeIgniter.php(914): App\Controllers\SubirArchivo->store()
#3 /home/pre-tramitsidi/www/system/CodeIgniter.php(400): CodeIgniter\CodeIgniter->runController(Object(App\Controllers\SubirArchivo))
#4 /home/pre-tramitsidi/www/system/CodeIgniter.php(308): CodeIgniter\CodeIgniter->handleRequest(NULL, Object(Config\Cache), false)
#5 /home/pre-tramitsidi/www/public/index.php(45): CodeIgniter\CodeIgniter->run()
#6 {main}
CRITICAL - 2023-03-03 13:30:19 --> mkdir(): No such file or directory
#0 [internal function]: CodeIgniter\Debug\Exceptions->errorHandler(2, 'mkdir(): No suc...', '/home/pre-trami...', 288, Array)
#1 /home/pre-tramitsidi/www/app/Controllers/Subirarchivo.php(288): mkdir('/home/pre-trami...')
#2 /home/pre-tramitsidi/www/system/CodeIgniter.php(914): App\Controllers\SubirArchivo->store()
#3 /home/pre-tramitsidi/www/system/CodeIgniter.php(400): CodeIgniter\CodeIgniter->runController(Object(App\Controllers\SubirArchivo))
#4 /home/pre-tramitsidi/www/system/CodeIgniter.php(308): CodeIgniter\CodeIgniter->handleRequest(NULL, Object(Config\Cache), false)
#5 /home/pre-tramitsidi/www/public/index.php(45): CodeIgniter\CodeIgniter->run()
#6 {main}
CRITICAL - 2023-03-03 13:31:39 --> mkdir(): No such file or directory
#0 [internal function]: CodeIgniter\Debug\Exceptions->errorHandler(2, 'mkdir(): No suc...', '/home/pre-trami...', 288, Array)
#1 /home/pre-tramitsidi/www/app/Controllers/Subirarchivo.php(288): mkdir('/home/pre-trami...')
#2 /home/pre-tramitsidi/www/system/CodeIgniter.php(914): App\Controllers\SubirArchivo->store()
#3 /home/pre-tramitsidi/www/system/CodeIgniter.php(400): CodeIgniter\CodeIgniter->runController(Object(App\Controllers\SubirArchivo))
#4 /home/pre-tramitsidi/www/system/CodeIgniter.php(308): CodeIgniter\CodeIgniter->handleRequest(NULL, Object(Config\Cache), false)
#5 /home/pre-tramitsidi/www/public/index.php(45): CodeIgniter\CodeIgniter->run()
#6 {main}
CRITICAL - 2023-03-03 13:37:20 --> mkdir(): No such file or directory
#0 [internal function]: CodeIgniter\Debug\Exceptions->errorHandler(2, 'mkdir(): No suc...', '/home/pre-trami...', 288, Array)
#1 /home/pre-tramitsidi/www/app/Controllers/Subirarchivo.php(288): mkdir('/home/pre-trami...')
#2 /home/pre-tramitsidi/www/system/CodeIgniter.php(914): App\Controllers\SubirArchivo->store()
#3 /home/pre-tramitsidi/www/system/CodeIgniter.php(400): CodeIgniter\CodeIgniter->runController(Object(App\Controllers\SubirArchivo))
#4 /home/pre-tramitsidi/www/system/CodeIgniter.php(308): CodeIgniter\CodeIgniter->handleRequest(NULL, Object(Config\Cache), false)
#5 /home/pre-tramitsidi/www/public/index.php(45): CodeIgniter\CodeIgniter->run()
#6 {main}
CRITICAL - 2023-03-03 13:37:41 --> mkdir(): No such file or directory
#0 [internal function]: CodeIgniter\Debug\Exceptions->errorHandler(2, 'mkdir(): No suc...', '/home/pre-trami...', 288, Array)
#1 /home/pre-tramitsidi/www/app/Controllers/Subirarchivo.php(288): mkdir('/home/pre-trami...')
#2 /home/pre-tramitsidi/www/system/CodeIgniter.php(914): App\Controllers\SubirArchivo->store()
#3 /home/pre-tramitsidi/www/system/CodeIgniter.php(400): CodeIgniter\CodeIgniter->runController(Object(App\Controllers\SubirArchivo))
#4 /home/pre-tramitsidi/www/system/CodeIgniter.php(308): CodeIgniter\CodeIgniter->handleRequest(NULL, Object(Config\Cache), false)
#5 /home/pre-tramitsidi/www/public/index.php(45): CodeIgniter\CodeIgniter->run()
#6 {main}
CRITICAL - 2023-03-03 13:41:42 --> mkdir(): No such file or directory
#0 [internal function]: CodeIgniter\Debug\Exceptions->errorHandler(2, 'mkdir(): No suc...', '/home/pre-trami...', 285, Array)
#1 /home/pre-tramitsidi/www/app/Controllers/Subirarchivo.php(285): mkdir('/home/pre-trami...')
#2 /home/pre-tramitsidi/www/system/CodeIgniter.php(914): App\Controllers\SubirArchivo->store()
#3 /home/pre-tramitsidi/www/system/CodeIgniter.php(400): CodeIgniter\CodeIgniter->runController(Object(App\Controllers\SubirArchivo))
#4 /home/pre-tramitsidi/www/system/CodeIgniter.php(308): CodeIgniter\CodeIgniter->handleRequest(NULL, Object(Config\Cache), false)
#5 /home/pre-tramitsidi/www/public/index.php(45): CodeIgniter\CodeIgniter->run()
#6 {main}
CRITICAL - 2023-03-03 13:43:19 --> mkdir(): No such file or directory
#0 [internal function]: CodeIgniter\Debug\Exceptions->errorHandler(2, 'mkdir(): No suc...', '/home/pre-trami...', 287, Array)
#1 /home/pre-tramitsidi/www/app/Controllers/Subirarchivo.php(287): mkdir('/home/pre-trami...')
#2 /home/pre-tramitsidi/www/system/CodeIgniter.php(914): App\Controllers\SubirArchivo->store()
#3 /home/pre-tramitsidi/www/system/CodeIgniter.php(400): CodeIgniter\CodeIgniter->runController(Object(App\Controllers\SubirArchivo))
#4 /home/pre-tramitsidi/www/system/CodeIgniter.php(308): CodeIgniter\CodeIgniter->handleRequest(NULL, Object(Config\Cache), false)
#5 /home/pre-tramitsidi/www/public/index.php(45): CodeIgniter\CodeIgniter->run()
#6 {main}
CRITICAL - 2023-03-03 13:52:01 --> file_exists() expects exactly 1 parameter, 3 given
#0 [internal function]: CodeIgniter\Debug\Exceptions->errorHandler(2, 'file_exists() e...', '/home/pre-trami...', 289, Array)
#1 /home/pre-tramitsidi/www/app/Controllers/Subirarchivo.php(289): file_exists('/home/pre-trami...', 493, true)
#2 /home/pre-tramitsidi/www/system/CodeIgniter.php(914): App\Controllers\SubirArchivo->store()
#3 /home/pre-tramitsidi/www/system/CodeIgniter.php(400): CodeIgniter\CodeIgniter->runController(Object(App\Controllers\SubirArchivo))
#4 /home/pre-tramitsidi/www/system/CodeIgniter.php(308): CodeIgniter\CodeIgniter->handleRequest(NULL, Object(Config\Cache), false)
#5 /home/pre-tramitsidi/www/public/index.php(45): CodeIgniter\CodeIgniter->run()
#6 {main}
CRITICAL - 2023-03-03 13:53:32 --> mkdir(): File exists
#0 [internal function]: CodeIgniter\Debug\Exceptions->errorHandler(2, 'mkdir(): File e...', '/home/pre-trami...', 287, Array)
#1 /home/pre-tramitsidi/www/app/Controllers/Subirarchivo.php(287): mkdir('/home/pre-trami...', 493, true)
#2 /home/pre-tramitsidi/www/system/CodeIgniter.php(914): App\Controllers\SubirArchivo->store()
#3 /home/pre-tramitsidi/www/system/CodeIgniter.php(400): CodeIgniter\CodeIgniter->runController(Object(App\Controllers\SubirArchivo))
#4 /home/pre-tramitsidi/www/system/CodeIgniter.php(308): CodeIgniter\CodeIgniter->handleRequest(NULL, Object(Config\Cache), false)
#5 /home/pre-tramitsidi/www/public/index.php(45): CodeIgniter\CodeIgniter->run()
#6 {main}
CRITICAL - 2023-03-03 13:54:22 --> file_exists() expects exactly 1 parameter, 3 given
#0 [internal function]: CodeIgniter\Debug\Exceptions->errorHandler(2, 'file_exists() e...', '/home/pre-trami...', 291, Array)
#1 /home/pre-tramitsidi/www/app/Controllers/Subirarchivo.php(291): file_exists('/home/pre-trami...', 493, true)
#2 /home/pre-tramitsidi/www/system/CodeIgniter.php(914): App\Controllers\SubirArchivo->store()
#3 /home/pre-tramitsidi/www/system/CodeIgniter.php(400): CodeIgniter\CodeIgniter->runController(Object(App\Controllers\SubirArchivo))
#4 /home/pre-tramitsidi/www/system/CodeIgniter.php(308): CodeIgniter\CodeIgniter->handleRequest(NULL, Object(Config\Cache), false)
#5 /home/pre-tramitsidi/www/public/index.php(45): CodeIgniter\CodeIgniter->run()
#6 {main}
CRITICAL - 2023-03-03 13:56:09 --> fopen(file:///home/pre-tramitsidi/www/writable/documentos/Q5755018H/03_03_2023_01_56_09pm/Q5755018H_dec_res_solicitud.pdf): failed to open stream: No such file or directory
#0 [internal function]: CodeIgniter\Debug\Exceptions->errorHandler(2, 'fopen(file:///h...', '/home/pre-trami...', 1854, Array)
#1 /home/pre-tramitsidi/www/app/Views/pages/forms/tcpdf/include/tcpdf_static.php(1854): fopen('file:///home/pr...', 'wb')
#2 /home/pre-tramitsidi/www/app/Views/pages/forms/tcpdf/tcpdf.php(7662): TCPDF_STATIC::fopenLocal('file:///home/pr...', 'wb')
#3 /home/pre-tramitsidi/www/app/Views/pages/forms/dec-resp-solicitud-ayuda.php(400): TCPDF->Output('/home/pre-trami...', 'F')
#4 /home/pre-tramitsidi/www/system/View/View.php(246): include('/home/pre-trami...')
#5 /home/pre-tramitsidi/www/system/Common.php(1087): CodeIgniter\View\View->render('pages/forms/dec...', Array, true)
#6 /home/pre-tramitsidi/www/app/Controllers/Subirarchivo.php(470): view('pages/forms/dec...', Array)
#7 /home/pre-tramitsidi/www/system/CodeIgniter.php(914): App\Controllers\SubirArchivo->store()
#8 /home/pre-tramitsidi/www/system/CodeIgniter.php(400): CodeIgniter\CodeIgniter->runController(Object(App\Controllers\SubirArchivo))
#9 /home/pre-tramitsidi/www/system/CodeIgniter.php(308): CodeIgniter\CodeIgniter->handleRequest(NULL, Object(Config\Cache), false)
#10 /home/pre-tramitsidi/www/public/index.php(45): CodeIgniter\CodeIgniter->run()
#11 {main}
